<?xml version="1.0" encoding="UTF-8" ?>
<testsuite failures="1" time="0.155" errors="0" skipped="0" tests="57" name="org.semanticweb.HermiT.reasoner.DatatypesTest">
  <properties>
    <property name="java.runtime.name" value="OpenJDK Runtime Environment"/>
    <property name="sun.boot.library.path" value="/usr/lib/jvm/java-6-openjdk-amd64/jre/lib/amd64"/>
    <property name="java.vm.version" value="20.0-b12"/>
    <property name="java.vm.vendor" value="Sun Microsystems Inc."/>
    <property name="java.vendor.url" value="http://java.sun.com/"/>
    <property name="path.separator" value=":"/>
    <property name="java.vm.name" value="OpenJDK 64-Bit Server VM"/>
    <property name="file.encoding.pkg" value="sun.io"/>
    <property name="user.country" value="GB"/>
    <property name="sun.java.launcher" value="SUN_STANDARD"/>
    <property name="sun.os.patch.level" value="unknown"/>
    <property name="java.vm.specification.name" value="Java Virtual Machine Specification"/>
    <property name="user.dir" value="/home/phillord/src/knowledge/hermit-git/HermiT/HermiT"/>
    <property name="java.runtime.version" value="1.6.0_24-b24"/>
    <property name="java.awt.graphicsenv" value="sun.awt.X11GraphicsEnvironment"/>
    <property name="basedir" value="/home/phillord/src/knowledge/hermit-git/HermiT/HermiT"/>
    <property name="java.endorsed.dirs" value="/usr/lib/jvm/java-6-openjdk-amd64/jre/lib/endorsed"/>
    <property name="os.arch" value="amd64"/>
    <property name="surefire.real.class.path" value="/tmp/surefirebooter5427991574106965453.jar"/>
    <property name="java.io.tmpdir" value="/tmp"/>
    <property name="line.separator" value="
"/>
    <property name="java.vm.specification.vendor" value="Sun Microsystems Inc."/>
    <property name="os.name" value="Linux"/>
    <property name="sun.jnu.encoding" value="UTF-8"/>
    <property name="java.library.path" value="/usr/lib/jvm/java-6-openjdk-amd64/jre/lib/amd64/server:/usr/lib/jvm/java-6-openjdk-amd64/jre/lib/amd64:/usr/lib/jvm/java-6-openjdk-amd64/jre/../lib/amd64:/usr/java/packages/lib/amd64:/usr/lib/x86_64-linux-gnu/jni:/lib/x86_64-linux-gnu:/usr/lib/x86_64-linux-gnu:/usr/lib/jni:/lib:/usr/lib"/>
    <property name="surefire.test.class.path" value="/home/phillord/src/knowledge/hermit-git/HermiT/HermiT/target/test-classes:/home/phillord/src/knowledge/hermit-git/HermiT/HermiT/target/classes:/home/phillord/.m2/repository/commons-logging/commons-logging/1.1.1/commons-logging-1.1.1.jar:/home/phillord/.m2/repository/net/sourceforge/owlapi/owlapi-api/3.4.1/owlapi-api-3.4.1.jar:/home/phillord/.m2/repository/net/sourceforge/owlapi/owlapi-distribution/3.4.1/owlapi-distribution-3.4.1.jar:/home/phillord/.m2/repository/net/sourceforge/owlapi/owlapi-contract/3.4.1/owlapi-contract-3.4.1.jar:/home/phillord/.m2/repository/net/sourceforge/owlapi/owlapi-apibinding/3.4.1/owlapi-apibinding-3.4.1.jar:/home/phillord/.m2/repository/net/sourceforge/owlapi/owlapi-impl/3.4.1/owlapi-impl-3.4.1.jar:/home/phillord/.m2/repository/net/sourceforge/owlapi/owlapi-parsers/3.4.1/owlapi-parsers-3.4.1.jar:/home/phillord/.m2/repository/net/sourceforge/owlapi/owlapi-tools/3.4.1/owlapi-tools-3.4.1.jar:/home/phillord/.m2/repository/org/apache/ws/commons/axiom/axiom-api/1.2.9/axiom-api-1.2.9.jar:/home/phillord/.m2/repository/org/apache/geronimo/specs/geronimo-activation_1.1_spec/1.0.2/geronimo-activation_1.1_spec-1.0.2.jar:/home/phillord/.m2/repository/org/apache/geronimo/specs/geronimo-javamail_1.4_spec/1.6/geronimo-javamail_1.4_spec-1.6.jar:/home/phillord/.m2/repository/jaxen/jaxen/1.1.1/jaxen-1.1.1.jar:/home/phillord/.m2/repository/org/apache/geronimo/specs/geronimo-stax-api_1.0_spec/1.0.1/geronimo-stax-api_1.0_spec-1.0.1.jar:/home/phillord/.m2/repository/org/apache/ws/commons/axiom/axiom-c14n/1.2.9/axiom-c14n-1.2.9.jar:/home/phillord/.m2/repository/org/apache/ws/commons/axiom/axiom-impl/1.2.9/axiom-impl-1.2.9.jar:/home/phillord/.m2/repository/org/codehaus/woodstox/wstx-asl/3.2.9/wstx-asl-3.2.9.jar:/home/phillord/.m2/repository/org/apache/ws/commons/axiom/axiom-dom/1.2.9/axiom-dom-1.2.9.jar:/home/phillord/.m2/repository/dk/brics/automaton/automaton/1.11-8/automaton-1.11-8.jar:/home/phillord/.m2/repository/junit/junit/3.8.1/junit-3.8.1.jar:"/>
    <property name="java.specification.name" value="Java Platform API Specification"/>
    <property name="java.class.version" value="50.0"/>
    <property name="sun.management.compiler" value="HotSpot 64-Bit Tiered Compilers"/>
    <property name="os.version" value="3.2.0-33-generic"/>
    <property name="user.home" value="/home/phillord"/>
    <property name="user.timezone" value="Europe/London"/>
    <property name="java.awt.printerjob" value="sun.print.PSPrinterJob"/>
    <property name="file.encoding" value="UTF-8"/>
    <property name="java.specification.version" value="1.6"/>
    <property name="user.name" value="phillord"/>
    <property name="java.class.path" value="/home/phillord/src/knowledge/hermit-git/HermiT/HermiT/target/test-classes:/home/phillord/src/knowledge/hermit-git/HermiT/HermiT/target/classes:/home/phillord/.m2/repository/commons-logging/commons-logging/1.1.1/commons-logging-1.1.1.jar:/home/phillord/.m2/repository/net/sourceforge/owlapi/owlapi-api/3.4.1/owlapi-api-3.4.1.jar:/home/phillord/.m2/repository/net/sourceforge/owlapi/owlapi-distribution/3.4.1/owlapi-distribution-3.4.1.jar:/home/phillord/.m2/repository/net/sourceforge/owlapi/owlapi-contract/3.4.1/owlapi-contract-3.4.1.jar:/home/phillord/.m2/repository/net/sourceforge/owlapi/owlapi-apibinding/3.4.1/owlapi-apibinding-3.4.1.jar:/home/phillord/.m2/repository/net/sourceforge/owlapi/owlapi-impl/3.4.1/owlapi-impl-3.4.1.jar:/home/phillord/.m2/repository/net/sourceforge/owlapi/owlapi-parsers/3.4.1/owlapi-parsers-3.4.1.jar:/home/phillord/.m2/repository/net/sourceforge/owlapi/owlapi-tools/3.4.1/owlapi-tools-3.4.1.jar:/home/phillord/.m2/repository/org/apache/ws/commons/axiom/axiom-api/1.2.9/axiom-api-1.2.9.jar:/home/phillord/.m2/repository/org/apache/geronimo/specs/geronimo-activation_1.1_spec/1.0.2/geronimo-activation_1.1_spec-1.0.2.jar:/home/phillord/.m2/repository/org/apache/geronimo/specs/geronimo-javamail_1.4_spec/1.6/geronimo-javamail_1.4_spec-1.6.jar:/home/phillord/.m2/repository/jaxen/jaxen/1.1.1/jaxen-1.1.1.jar:/home/phillord/.m2/repository/org/apache/geronimo/specs/geronimo-stax-api_1.0_spec/1.0.1/geronimo-stax-api_1.0_spec-1.0.1.jar:/home/phillord/.m2/repository/org/apache/ws/commons/axiom/axiom-c14n/1.2.9/axiom-c14n-1.2.9.jar:/home/phillord/.m2/repository/org/apache/ws/commons/axiom/axiom-impl/1.2.9/axiom-impl-1.2.9.jar:/home/phillord/.m2/repository/org/codehaus/woodstox/wstx-asl/3.2.9/wstx-asl-3.2.9.jar:/home/phillord/.m2/repository/org/apache/ws/commons/axiom/axiom-dom/1.2.9/axiom-dom-1.2.9.jar:/home/phillord/.m2/repository/dk/brics/automaton/automaton/1.11-8/automaton-1.11-8.jar:/home/phillord/.m2/repository/junit/junit/3.8.1/junit-3.8.1.jar:"/>
    <property name="java.vm.specification.version" value="1.0"/>
    <property name="sun.arch.data.model" value="64"/>
    <property name="java.home" value="/usr/lib/jvm/java-6-openjdk-amd64/jre"/>
    <property name="sun.java.command" value="/tmp/surefirebooter5427991574106965453.jar /tmp/surefire4675560058898823570tmp /tmp/surefire3962885914579476194tmp"/>
    <property name="entityExpansionLimit" value="100000000"/>
    <property name="java.specification.vendor" value="Sun Microsystems Inc."/>
    <property name="user.language" value="en"/>
    <property name="java.vm.info" value="mixed mode"/>
    <property name="java.version" value="1.6.0_24"/>
    <property name="java.ext.dirs" value="/usr/lib/jvm/java-6-openjdk-amd64/jre/lib/ext:/usr/java/packages/lib/ext"/>
    <property name="sun.boot.class.path" value="/usr/lib/jvm/java-6-openjdk-amd64/jre/lib/resources.jar:/usr/lib/jvm/java-6-openjdk-amd64/jre/lib/rt.jar:/usr/lib/jvm/java-6-openjdk-amd64/jre/lib/sunrsasign.jar:/usr/lib/jvm/java-6-openjdk-amd64/jre/lib/jsse.jar:/usr/lib/jvm/java-6-openjdk-amd64/jre/lib/jce.jar:/usr/lib/jvm/java-6-openjdk-amd64/jre/lib/charsets.jar:/usr/lib/jvm/java-6-openjdk-amd64/jre/lib/netx.jar:/usr/lib/jvm/java-6-openjdk-amd64/jre/lib/plugin.jar:/usr/lib/jvm/java-6-openjdk-amd64/jre/lib/rhino.jar:/usr/lib/jvm/java-6-openjdk-amd64/jre/lib/modules/jdk.boot.jar:/usr/lib/jvm/java-6-openjdk-amd64/jre/classes"/>
    <property name="java.vendor" value="Sun Microsystems Inc."/>
    <property name="localRepository" value="/home/phillord/.m2/repository"/>
    <property name="file.separator" value="/"/>
    <property name="java.vendor.url.bug" value="http://java.sun.com/cgi-bin/bugreport.cgi"/>
    <property name="sun.cpu.endian" value="little"/>
    <property name="sun.io.unicode.encoding" value="UnicodeLittle"/>
    <property name="sun.desktop" value="gnome"/>
    <property name="sun.cpu.isalist" value=""/>
  </properties>
  <testcase time="0.003" classname="org.semanticweb.HermiT.reasoner.DatatypesTest" name="testDateTime2"/>
  <testcase time="0.009" classname="org.semanticweb.HermiT.reasoner.DatatypesTest" name="testNotXsdString"/>
  <testcase time="0.003" classname="org.semanticweb.HermiT.reasoner.DatatypesTest" name="testdateTimeTimezones"/>
  <testcase time="0.002" classname="org.semanticweb.HermiT.reasoner.DatatypesTest" name="testDatatypeDef5"/>
  <testcase time="0.003" classname="org.semanticweb.HermiT.reasoner.DatatypesTest" name="testNominalsAndDatatypesFromAlan"/>
  <testcase time="0.002" classname="org.semanticweb.HermiT.reasoner.DatatypesTest" name="testDifferentLexicalForms"/>
  <testcase time="0.002" classname="org.semanticweb.HermiT.reasoner.DatatypesTest" name="testLiteralCustomDatatype"/>
  <testcase time="0.002" classname="org.semanticweb.HermiT.reasoner.DatatypesTest" name="testINF"/>
  <testcase time="0.002" classname="org.semanticweb.HermiT.reasoner.DatatypesTest" name="testFreshEntitiesQuery"/>
  <testcase time="0.002" classname="org.semanticweb.HermiT.reasoner.DatatypesTest" name="testParsingError"/>
  <testcase time="0.002" classname="org.semanticweb.HermiT.reasoner.DatatypesTest" name="testStringAbbreviation"/>
  <testcase time="0.003" classname="org.semanticweb.HermiT.reasoner.DatatypesTest" name="testLangAbbreviation"/>
  <testcase time="0.002" classname="org.semanticweb.HermiT.reasoner.DatatypesTest" name="testDatatypesUnsat1"/>
  <testcase time="0.003" classname="org.semanticweb.HermiT.reasoner.DatatypesTest" name="testDatatypesUnsat2"/>
  <testcase time="0.002" classname="org.semanticweb.HermiT.reasoner.DatatypesTest" name="testDatatypesUnsat3"/>
  <testcase time="0.002" classname="org.semanticweb.HermiT.reasoner.DatatypesTest" name="testDatatypesUnsat4"/>
  <testcase time="0.003" classname="org.semanticweb.HermiT.reasoner.DatatypesTest" name="testDatatypesSat"/>
  <testcase time="0.002" classname="org.semanticweb.HermiT.reasoner.DatatypesTest" name="testMinInclusiveMaxInclusive"/>
  <testcase time="0.003" classname="org.semanticweb.HermiT.reasoner.DatatypesTest" name="testDisjointDPsUnsat"/>
  <testcase time="0.003" classname="org.semanticweb.HermiT.reasoner.DatatypesTest" name="testDisjointDPsUnsatStrings"/>
  <testcase time="0.002" classname="org.semanticweb.HermiT.reasoner.DatatypesTest" name="testDisjointDPsSatInteger"/>
  <testcase time="0.002" classname="org.semanticweb.HermiT.reasoner.DatatypesTest" name="testAllValuesFromInteger1"/>
  <testcase time="0.003" classname="org.semanticweb.HermiT.reasoner.DatatypesTest" name="testAllValuesFromInteger2"/>
  <testcase time="0.003" classname="org.semanticweb.HermiT.reasoner.DatatypesTest" name="testAllValuesFromMixed1"/>
  <testcase time="0.003" classname="org.semanticweb.HermiT.reasoner.DatatypesTest" name="testAllValuesFromMixed2"/>
  <testcase time="0.003" classname="org.semanticweb.HermiT.reasoner.DatatypesTest" name="testAllValuesFromDifferentTypes1"/>
  <testcase time="0.003" classname="org.semanticweb.HermiT.reasoner.DatatypesTest" name="testAllValuesFromDifferentTypes2"/>
  <testcase time="0.002" classname="org.semanticweb.HermiT.reasoner.DatatypesTest" name="testAllValuesFromDifferentTypes3"/>
  <testcase time="0.003" classname="org.semanticweb.HermiT.reasoner.DatatypesTest" name="testNegZero1Integer"/>
  <testcase time="0.003" classname="org.semanticweb.HermiT.reasoner.DatatypesTest" name="testNegZero2Integer"/>
  <testcase time="0.002" classname="org.semanticweb.HermiT.reasoner.DatatypesTest" name="testIntPlusDecimal"/>
  <testcase time="0.002" classname="org.semanticweb.HermiT.reasoner.DatatypesTest" name="testIntPlusDecimal2"/>
  <testcase time="0.003" classname="org.semanticweb.HermiT.reasoner.DatatypesTest" name="testDecimals"/>
  <testcase time="0.002" classname="org.semanticweb.HermiT.reasoner.DatatypesTest" name="testDecimalPlusOWLreal"/>
  <testcase time="0.003" classname="org.semanticweb.HermiT.reasoner.DatatypesTest" name="testDecimalPlusInteger"/>
  <testcase time="0.002" classname="org.semanticweb.HermiT.reasoner.DatatypesTest" name="testDifferentOneOfs"/>
  <testcase time="0.003" classname="org.semanticweb.HermiT.reasoner.DatatypesTest" name="testFloatZeros">
    <failure message="expected:&lt;false&gt; but was:&lt;true&gt;" type="junit.framework.AssertionFailedError">junit.framework.AssertionFailedError: expected:&lt;false&gt; but was:&lt;true&gt;
	at junit.framework.Assert.fail(Assert.java:47)
	at junit.framework.Assert.failNotEquals(Assert.java:282)
	at junit.framework.Assert.assertEquals(Assert.java:64)
	at junit.framework.Assert.assertEquals(Assert.java:149)
	at junit.framework.Assert.assertEquals(Assert.java:155)
	at org.semanticweb.HermiT.reasoner.AbstractReasonerTest.assertABoxSatisfiable(AbstractReasonerTest.java:104)
	at org.semanticweb.HermiT.reasoner.DatatypesTest.testFloatZeros(DatatypesTest.java:361)
</failure>
  </testcase>
  <testcase time="0.003" classname="org.semanticweb.HermiT.reasoner.DatatypesTest" name="testFloatEnumInconsistent"/>
  <testcase time="0.003" classname="org.semanticweb.HermiT.reasoner.DatatypesTest" name="testRationals1"/>
  <testcase time="0.002" classname="org.semanticweb.HermiT.reasoner.DatatypesTest" name="testRationals2"/>
  <testcase time="0.003" classname="org.semanticweb.HermiT.reasoner.DatatypesTest" name="testRationals3"/>
  <testcase time="0.002" classname="org.semanticweb.HermiT.reasoner.DatatypesTest" name="testDateTime1"/>
  <testcase time="0.003" classname="org.semanticweb.HermiT.reasoner.DatatypesTest" name="testSelfInequality"/>
  <testcase time="0.003" classname="org.semanticweb.HermiT.reasoner.DatatypesTest" name="testDatatypeDef1"/>
  <testcase time="0.003" classname="org.semanticweb.HermiT.reasoner.DatatypesTest" name="testDatatypeDef2"/>
  <testcase time="0.002" classname="org.semanticweb.HermiT.reasoner.DatatypesTest" name="testDatatypeDef3"/>
  <testcase time="0.003" classname="org.semanticweb.HermiT.reasoner.DatatypesTest" name="testDatatypeDef4"/>
  <testcase time="0.002" classname="org.semanticweb.HermiT.reasoner.DatatypesTest" name="testDatatypeDef6"/>
  <testcase time="0.003" classname="org.semanticweb.HermiT.reasoner.DatatypesTest" name="testDatatypeUnion1"/>
  <testcase time="0.002" classname="org.semanticweb.HermiT.reasoner.DatatypesTest" name="testDatatypeUnion2"/>
  <testcase time="0.003" classname="org.semanticweb.HermiT.reasoner.DatatypesTest" name="testDatatypeUnion3"/>
  <testcase time="0.003" classname="org.semanticweb.HermiT.reasoner.DatatypesTest" name="testDatatypeUnion4"/>
  <testcase time="0.003" classname="org.semanticweb.HermiT.reasoner.DatatypesTest" name="testDatatypeUnionIntersection1"/>
  <testcase time="0.002" classname="org.semanticweb.HermiT.reasoner.DatatypesTest" name="testDatatypeUnionIntersection2"/>
  <testcase time="0.003" classname="org.semanticweb.HermiT.reasoner.DatatypesTest" name="testDatatypeUnionIntersection3"/>
  <testcase time="0.003" classname="org.semanticweb.HermiT.reasoner.DatatypesTest" name="testDatatypeUnionIntersection4"/>
  <testcase time="0.002" classname="org.semanticweb.HermiT.reasoner.DatatypesTest" name="testNegativeDPAssertions"/>
</testsuite>