<?xml version="1.0" encoding="UTF-8" ?>
<testsuite failures="1" time="0.121" errors="0" skipped="0" tests="24" name="org.semanticweb.HermiT.structural.NormalizationTest">
  <properties>
    <property name="java.runtime.name" value="OpenJDK Runtime Environment"/>
    <property name="sun.boot.library.path" value="/usr/lib/jvm/java-6-openjdk-i386/jre/lib/i386"/>
    <property name="java.vm.version" value="20.0-b12"/>
    <property name="java.vm.vendor" value="Sun Microsystems Inc."/>
    <property name="java.vendor.url" value="http://java.sun.com/"/>
    <property name="path.separator" value=":"/>
    <property name="java.vm.name" value="OpenJDK Server VM"/>
    <property name="file.encoding.pkg" value="sun.io"/>
    <property name="user.country" value="GB"/>
    <property name="sun.java.launcher" value="SUN_STANDARD"/>
    <property name="sun.os.patch.level" value="unknown"/>
    <property name="java.vm.specification.name" value="Java Virtual Machine Specification"/>
    <property name="user.dir" value="/mnt/sdb1/home/phillord/src/knowledge/hermit/HermiT/trunk/HermiT"/>
    <property name="java.runtime.version" value="1.6.0_24-b24"/>
    <property name="java.awt.graphicsenv" value="sun.awt.X11GraphicsEnvironment"/>
    <property name="java.endorsed.dirs" value="/usr/lib/jvm/java-6-openjdk-i386/jre/lib/endorsed"/>
    <property name="os.arch" value="i386"/>
    <property name="java.io.tmpdir" value="/tmp"/>
    <property name="line.separator" value="
"/>
    <property name="java.vm.specification.vendor" value="Sun Microsystems Inc."/>
    <property name="os.name" value="Linux"/>
    <property name="classworlds.conf" value="/usr/share/maven2/bin/m2.conf"/>
    <property name="sun.jnu.encoding" value="UTF-8"/>
    <property name="java.library.path" value="/usr/lib/jvm/java-6-openjdk-i386/jre/lib/i386/server:/usr/lib/jvm/java-6-openjdk-i386/jre/lib/i386:/usr/lib/jvm/java-6-openjdk-i386/jre/../lib/i386:/usr/java/packages/lib/i386:/usr/lib/i386-linux-gnu/jni:/lib/i386-linux-gnu:/usr/lib/i386-linux-gnu:/usr/lib/jni:/lib:/usr/lib"/>
    <property name="java.specification.name" value="Java Platform API Specification"/>
    <property name="java.class.version" value="50.0"/>
    <property name="sun.management.compiler" value="HotSpot Tiered Compilers"/>
    <property name="os.version" value="3.2.0-32-generic"/>
    <property name="user.home" value="/home/phillord"/>
    <property name="user.timezone" value="Europe/London"/>
    <property name="java.awt.printerjob" value="sun.print.PSPrinterJob"/>
    <property name="file.encoding" value="UTF-8"/>
    <property name="java.specification.version" value="1.6"/>
    <property name="user.name" value="phillord"/>
    <property name="java.class.path" value="/usr/share/maven2/boot/classworlds.jar"/>
    <property name="java.vm.specification.version" value="1.0"/>
    <property name="sun.arch.data.model" value="32"/>
    <property name="java.home" value="/usr/lib/jvm/java-6-openjdk-i386/jre"/>
    <property name="sun.java.command" value="org.codehaus.classworlds.Launcher &quot;test&quot;"/>
    <property name="java.specification.vendor" value="Sun Microsystems Inc."/>
    <property name="user.language" value="en"/>
    <property name="java.vm.info" value="mixed mode"/>
    <property name="java.version" value="1.6.0_24"/>
    <property name="java.ext.dirs" value="/usr/lib/jvm/java-6-openjdk-i386/jre/lib/ext:/usr/java/packages/lib/ext"/>
    <property name="securerandom.source" value="file:/dev/./urandom"/>
    <property name="sun.boot.class.path" value="/usr/lib/jvm/java-6-openjdk-i386/jre/lib/resources.jar:/usr/lib/jvm/java-6-openjdk-i386/jre/lib/rt.jar:/usr/lib/jvm/java-6-openjdk-i386/jre/lib/sunrsasign.jar:/usr/lib/jvm/java-6-openjdk-i386/jre/lib/jsse.jar:/usr/lib/jvm/java-6-openjdk-i386/jre/lib/jce.jar:/usr/lib/jvm/java-6-openjdk-i386/jre/lib/charsets.jar:/usr/lib/jvm/java-6-openjdk-i386/jre/lib/netx.jar:/usr/lib/jvm/java-6-openjdk-i386/jre/lib/plugin.jar:/usr/lib/jvm/java-6-openjdk-i386/jre/lib/rhino.jar:/usr/lib/jvm/java-6-openjdk-i386/jre/lib/modules/jdk.boot.jar:/usr/lib/jvm/java-6-openjdk-i386/jre/classes"/>
    <property name="java.vendor" value="Sun Microsystems Inc."/>
    <property name="maven.home" value="/usr/share/maven2"/>
    <property name="file.separator" value="/"/>
    <property name="java.vendor.url.bug" value="http://java.sun.com/cgi-bin/bugreport.cgi"/>
    <property name="sun.cpu.endian" value="little"/>
    <property name="sun.io.unicode.encoding" value="UnicodeLittle"/>
    <property name="sun.desktop" value="gnome"/>
    <property name="sun.cpu.isalist" value=""/>
  </properties>
  <testcase time="0.003" classname="org.semanticweb.HermiT.structural.NormalizationTest" name="testKeys1"/>
  <testcase time="0.003" classname="org.semanticweb.HermiT.structural.NormalizationTest" name="testKeys2">
    <failure type="junit.framework.AssertionFailedError">junit.framework.AssertionFailedError
	at junit.framework.Assert.fail(Assert.java:47)
	at junit.framework.Assert.fail(Assert.java:53)
	at org.semanticweb.HermiT.structural.NormalizationTest.testKeys2(NormalizationTest.java:184)
</failure>
  </testcase>
  <testcase time="0.003" classname="org.semanticweb.HermiT.structural.NormalizationTest" name="testDataPropertiesHasValue1"/>
  <testcase time="0.007" classname="org.semanticweb.HermiT.structural.NormalizationTest" name="testDataPropertiesHasValue2"/>
  <testcase time="0.003" classname="org.semanticweb.HermiT.structural.NormalizationTest" name="testDataPropertiesAll1"/>
  <testcase time="0.003" classname="org.semanticweb.HermiT.structural.NormalizationTest" name="testDataPropertiesAll2"/>
  <testcase time="0.003" classname="org.semanticweb.HermiT.structural.NormalizationTest" name="testDataPropertiesSome1"/>
  <testcase time="0.003" classname="org.semanticweb.HermiT.structural.NormalizationTest" name="testDataPropertiesSome2"/>
  <testcase time="0.01" classname="org.semanticweb.HermiT.structural.NormalizationTest" name="testDataPropertiesDataOneOf1"/>
  <testcase time="0.007" classname="org.semanticweb.HermiT.structural.NormalizationTest" name="testDataPropertiesDataOneOf2"/>
  <testcase time="0.003" classname="org.semanticweb.HermiT.structural.NormalizationTest" name="testDataPropertiesDataComplementOf1"/>
  <testcase time="0.003" classname="org.semanticweb.HermiT.structural.NormalizationTest" name="testDataPropertiesMax1"/>
  <testcase time="0.003" classname="org.semanticweb.HermiT.structural.NormalizationTest" name="testDataPropertiesMax2"/>
  <testcase time="0.002" classname="org.semanticweb.HermiT.structural.NormalizationTest" name="testDataPropertiesMax3"/>
  <testcase time="0.003" classname="org.semanticweb.HermiT.structural.NormalizationTest" name="testDataPropertiesMax4"/>
  <testcase time="0.024" classname="org.semanticweb.HermiT.structural.NormalizationTest" name="testDataPropertiesMin1"/>
  <testcase time="0.003" classname="org.semanticweb.HermiT.structural.NormalizationTest" name="testDataPropertiesMin2"/>
  <testcase time="0.003" classname="org.semanticweb.HermiT.structural.NormalizationTest" name="testDataPropertiesMin3"/>
  <testcase time="0.003" classname="org.semanticweb.HermiT.structural.NormalizationTest" name="testDataPropertiesMin4"/>
  <testcase time="0.007" classname="org.semanticweb.HermiT.structural.NormalizationTest" name="testDataPropertiesExact1"/>
  <testcase time="0.007" classname="org.semanticweb.HermiT.structural.NormalizationTest" name="testDataPropertiesExact2"/>
  <testcase time="0.003" classname="org.semanticweb.HermiT.structural.NormalizationTest" name="testDataPropertiesExact3"/>
  <testcase time="0.003" classname="org.semanticweb.HermiT.structural.NormalizationTest" name="testDataPropertiesExact4"/>
  <testcase time="0.003" classname="org.semanticweb.HermiT.structural.NormalizationTest" name="testTopObjectPropertyInSuperPosition"/>
</testsuite>